<?xml version="1.0" encoding="UTF-8"?>
<!-- Generated by org.testng.reporters.JUnitReportReporter -->
<testsuite hostname="AAD-PF4EEF8X" failures="0" tests="221" name="edu.msoe.swe2721.taxRateCalculator.PROFESSOR.SchillingTaxCalculator2023Test" time="1.072" errors="0" timestamp="2025-03-11T16:57:29 CDT" skipped="0">
  <testcase classname="edu.msoe.swe2721.taxRateCalculator.PROFESSOR.SchillingTaxCalculator2023Test" name="testMarriedSetup" time="0.005"/>
  <testcase classname="edu.msoe.swe2721.taxRateCalculator.PROFESSOR.SchillingTaxCalculator2023Test" name="testSingleSetup" time="0.004"/>
  <testcase classname="edu.msoe.swe2721.taxRateCalculator.PROFESSOR.SchillingTaxCalculator2023Test" name="testSingleSetup" time="0.003"/>
  <testcase classname="edu.msoe.swe2721.taxRateCalculator.PROFESSOR.SchillingTaxCalculator2023Test" name="testMarriedSetup" time="0.005"/>
  <testcase classname="edu.msoe.swe2721.taxRateCalculator.PROFESSOR.SchillingTaxCalculator2023Test" name="testSingleSetup" time="0.003"/>
  <testcase classname="edu.msoe.swe2721.taxRateCalculator.PROFESSOR.SchillingTaxCalculator2023Test" name="testMarriedSetup" time="0.004"/>
  <testcase classname="edu.msoe.swe2721.taxRateCalculator.PROFESSOR.SchillingTaxCalculator2023Test" name="testMarriedSetup" time="0.003"/>
  <testcase classname="edu.msoe.swe2721.taxRateCalculator.PROFESSOR.SchillingTaxCalculator2023Test" name="testSingleSetup" time="0.002"/>
  <testcase classname="edu.msoe.swe2721.taxRateCalculator.PROFESSOR.SchillingTaxCalculator2023Test" name="testMarriedSetup" time="0.004"/>
  <testcase classname="edu.msoe.swe2721.taxRateCalculator.PROFESSOR.SchillingTaxCalculator2023Test" name="testSingleSetup" time="0.003"/>
  <testcase classname="edu.msoe.swe2721.taxRateCalculator.PROFESSOR.SchillingTaxCalculator2023Test" name="testMarriedSetup" time="0.003"/>
  <testcase classname="edu.msoe.swe2721.taxRateCalculator.PROFESSOR.SchillingTaxCalculator2023Test" name="testMarriedSetup" time="0.006"/>
  <testcase classname="edu.msoe.swe2721.taxRateCalculator.PROFESSOR.SchillingTaxCalculator2023Test" name="testSingleSetup" time="0.005"/>
  <testcase classname="edu.msoe.swe2721.taxRateCalculator.PROFESSOR.SchillingTaxCalculator2023Test" name="testSingleSetup" time="0.004"/>
  <testcase classname="edu.msoe.swe2721.taxRateCalculator.PROFESSOR.SchillingTaxCalculator2023Test" name="testMarriedSetup" time="0.004"/>
  <testcase classname="edu.msoe.swe2721.taxRateCalculator.PROFESSOR.SchillingTaxCalculator2023Test" name="testMarriedSetup" time="0.004"/>
  <testcase classname="edu.msoe.swe2721.taxRateCalculator.PROFESSOR.SchillingTaxCalculator2023Test" name="testSingleSetup" time="0.003"/>
  <testcase classname="edu.msoe.swe2721.taxRateCalculator.PROFESSOR.SchillingTaxCalculator2023Test" name="testMarriedSetup" time="0.003"/>
  <testcase classname="edu.msoe.swe2721.taxRateCalculator.PROFESSOR.SchillingTaxCalculator2023Test" name="testSingleSetup" time="0.004"/>
  <testcase classname="edu.msoe.swe2721.taxRateCalculator.PROFESSOR.SchillingTaxCalculator2023Test" name="testMarriedSetup" time="0.003"/>
  <testcase classname="edu.msoe.swe2721.taxRateCalculator.PROFESSOR.SchillingTaxCalculator2023Test" name="testMarriedSetup" time="0.005"/>
  <testcase classname="edu.msoe.swe2721.taxRateCalculator.PROFESSOR.SchillingTaxCalculator2023Test" name="testMarriedSetup" time="0.004"/>
  <testcase classname="edu.msoe.swe2721.taxRateCalculator.PROFESSOR.SchillingTaxCalculator2023Test" name="testSingleSetup" time="0.004"/>
  <testcase classname="edu.msoe.swe2721.taxRateCalculator.PROFESSOR.SchillingTaxCalculator2023Test" name="testMarriedSetup" time="0.007"/>
  <testcase classname="edu.msoe.swe2721.taxRateCalculator.PROFESSOR.SchillingTaxCalculator2023Test" name="testConstructor2" time="0.002"/>
  <testcase classname="edu.msoe.swe2721.taxRateCalculator.PROFESSOR.SchillingTaxCalculator2023Test" name="testConstructor" time="0.071"/>
  <testcase classname="edu.msoe.swe2721.taxRateCalculator.PROFESSOR.SchillingTaxCalculator2023Test" name="testMarriedSetup" time="0.004"/>
  <testcase classname="edu.msoe.swe2721.taxRateCalculator.PROFESSOR.SchillingTaxCalculator2023Test" name="testSingleSetup" time="0.002"/>
  <testcase classname="edu.msoe.swe2721.taxRateCalculator.PROFESSOR.SchillingTaxCalculator2023Test" name="testSingleSetup" time="0.003"/>
  <testcase classname="edu.msoe.swe2721.taxRateCalculator.PROFESSOR.SchillingTaxCalculator2023Test" name="testMarriedSetup" time="0.003"/>
  <testcase classname="edu.msoe.swe2721.taxRateCalculator.PROFESSOR.SchillingTaxCalculator2023Test" name="testMarriedSetup" time="0.003"/>
  <testcase classname="edu.msoe.swe2721.taxRateCalculator.PROFESSOR.SchillingTaxCalculator2023Test" name="testMarriedSetup" time="0.008"/>
  <testcase classname="edu.msoe.swe2721.taxRateCalculator.PROFESSOR.SchillingTaxCalculator2023Test" name="testConstructor2" time="0.002"/>
  <testcase classname="edu.msoe.swe2721.taxRateCalculator.PROFESSOR.SchillingTaxCalculator2023Test" name="testMarriedSetup" time="0.003"/>
  <testcase classname="edu.msoe.swe2721.taxRateCalculator.PROFESSOR.SchillingTaxCalculator2023Test" name="testConstructor" time="0.003"/>
  <testcase classname="edu.msoe.swe2721.taxRateCalculator.PROFESSOR.SchillingTaxCalculator2023Test" name="testMarriedSetup" time="0.003"/>
  <testcase classname="edu.msoe.swe2721.taxRateCalculator.PROFESSOR.SchillingTaxCalculator2023Test" name="testSingleSetup" time="0.003"/>
  <testcase classname="edu.msoe.swe2721.taxRateCalculator.PROFESSOR.SchillingTaxCalculator2023Test" name="testSingleSetup" time="0.003"/>
  <testcase classname="edu.msoe.swe2721.taxRateCalculator.PROFESSOR.SchillingTaxCalculator2023Test" name="testMarriedSetup" time="0.007"/>
  <testcase classname="edu.msoe.swe2721.taxRateCalculator.PROFESSOR.SchillingTaxCalculator2023Test" name="testSingleSetup" time="0.001"/>
  <testcase classname="edu.msoe.swe2721.taxRateCalculator.PROFESSOR.SchillingTaxCalculator2023Test" name="testSingleSetup" time="0.002"/>
  <testcase classname="edu.msoe.swe2721.taxRateCalculator.PROFESSOR.SchillingTaxCalculator2023Test" name="testMarriedSetup" time="0.006"/>
  <testcase classname="edu.msoe.swe2721.taxRateCalculator.PROFESSOR.SchillingTaxCalculator2023Test" name="testSingleSetup" time="0.002"/>
  <testcase classname="edu.msoe.swe2721.taxRateCalculator.PROFESSOR.SchillingTaxCalculator2023Test" name="testSingleSetup" time="0.002"/>
  <testcase classname="edu.msoe.swe2721.taxRateCalculator.PROFESSOR.SchillingTaxCalculator2023Test" name="testMarriedSetup" time="0.048"/>
  <testcase classname="edu.msoe.swe2721.taxRateCalculator.PROFESSOR.SchillingTaxCalculator2023Test" name="testMarriedSetup" time="0.004"/>
  <testcase classname="edu.msoe.swe2721.taxRateCalculator.PROFESSOR.SchillingTaxCalculator2023Test" name="testSingleSetup" time="0.003"/>
  <testcase classname="edu.msoe.swe2721.taxRateCalculator.PROFESSOR.SchillingTaxCalculator2023Test" name="testSingleSetup" time="0.041"/>
  <testcase classname="edu.msoe.swe2721.taxRateCalculator.PROFESSOR.SchillingTaxCalculator2023Test" name="testSingleSetup" time="0.004"/>
  <testcase classname="edu.msoe.swe2721.taxRateCalculator.PROFESSOR.SchillingTaxCalculator2023Test" name="testMarriedSetup" time="0.002"/>
  <testcase classname="edu.msoe.swe2721.taxRateCalculator.PROFESSOR.SchillingTaxCalculator2023Test" name="testMarriedSetup" time="0.003"/>
  <testcase classname="edu.msoe.swe2721.taxRateCalculator.PROFESSOR.SchillingTaxCalculator2023Test" name="testMarriedSetup" time="0.004"/>
  <testcase classname="edu.msoe.swe2721.taxRateCalculator.PROFESSOR.SchillingTaxCalculator2023Test" name="testMarriedSetup" time="0.003"/>
  <testcase classname="edu.msoe.swe2721.taxRateCalculator.PROFESSOR.SchillingTaxCalculator2023Test" name="testConstructor2" time="0.003"/>
  <testcase classname="edu.msoe.swe2721.taxRateCalculator.PROFESSOR.SchillingTaxCalculator2023Test" name="testMarriedSetup" time="0.002"/>
  <testcase classname="edu.msoe.swe2721.taxRateCalculator.PROFESSOR.SchillingTaxCalculator2023Test" name="testMarriedSetup" time="0.003"/>
  <testcase classname="edu.msoe.swe2721.taxRateCalculator.PROFESSOR.SchillingTaxCalculator2023Test" name="testMarriedSetup" time="0.004"/>
  <testcase classname="edu.msoe.swe2721.taxRateCalculator.PROFESSOR.SchillingTaxCalculator2023Test" name="testMarriedSetup" time="0.004"/>
  <testcase classname="edu.msoe.swe2721.taxRateCalculator.PROFESSOR.SchillingTaxCalculator2023Test" name="testMarriedSetup" time="0.003"/>
  <testcase classname="edu.msoe.swe2721.taxRateCalculator.PROFESSOR.SchillingTaxCalculator2023Test" name="testMarriedSetup" time="0.005"/>
  <testcase classname="edu.msoe.swe2721.taxRateCalculator.PROFESSOR.SchillingTaxCalculator2023Test" name="testMarriedSetup" time="0.003"/>
  <testcase classname="edu.msoe.swe2721.taxRateCalculator.PROFESSOR.SchillingTaxCalculator2023Test" name="testSingleSetup" time="0.003"/>
  <testcase classname="edu.msoe.swe2721.taxRateCalculator.PROFESSOR.SchillingTaxCalculator2023Test" name="testMarriedSetup" time="0.057"/>
  <testcase classname="edu.msoe.swe2721.taxRateCalculator.PROFESSOR.SchillingTaxCalculator2023Test" name="testSingleSetup" time="0.002"/>
  <testcase classname="edu.msoe.swe2721.taxRateCalculator.PROFESSOR.SchillingTaxCalculator2023Test" name="testMarriedSetup" time="0.003"/>
  <testcase classname="edu.msoe.swe2721.taxRateCalculator.PROFESSOR.SchillingTaxCalculator2023Test" name="testSingleSetup" time="0.002"/>
  <testcase classname="edu.msoe.swe2721.taxRateCalculator.PROFESSOR.SchillingTaxCalculator2023Test" name="testMarriedSetup" time="0.011"/>
  <testcase classname="edu.msoe.swe2721.taxRateCalculator.PROFESSOR.SchillingTaxCalculator2023Test" name="testSingleSetup" time="0.004"/>
  <testcase classname="edu.msoe.swe2721.taxRateCalculator.PROFESSOR.SchillingTaxCalculator2023Test" name="testSingleSetup" time="0.004"/>
  <testcase classname="edu.msoe.swe2721.taxRateCalculator.PROFESSOR.SchillingTaxCalculator2023Test" name="testMarriedSetup" time="0.004"/>
  <testcase classname="edu.msoe.swe2721.taxRateCalculator.PROFESSOR.SchillingTaxCalculator2023Test" name="testSingleSetup" time="0.003"/>
  <testcase classname="edu.msoe.swe2721.taxRateCalculator.PROFESSOR.SchillingTaxCalculator2023Test" name="testMarriedSetup" time="0.004"/>
  <testcase classname="edu.msoe.swe2721.taxRateCalculator.PROFESSOR.SchillingTaxCalculator2023Test" name="testConstructor" time="0.002"/>
  <testcase classname="edu.msoe.swe2721.taxRateCalculator.PROFESSOR.SchillingTaxCalculator2023Test" name="testSingleSetup" time="0.003"/>
  <testcase classname="edu.msoe.swe2721.taxRateCalculator.PROFESSOR.SchillingTaxCalculator2023Test" name="testConstructor" time="0.003"/>
  <testcase classname="edu.msoe.swe2721.taxRateCalculator.PROFESSOR.SchillingTaxCalculator2023Test" name="testConstructor2" time="0.004"/>
  <testcase classname="edu.msoe.swe2721.taxRateCalculator.PROFESSOR.SchillingTaxCalculator2023Test" name="testSingleSetup" time="0.005"/>
  <testcase classname="edu.msoe.swe2721.taxRateCalculator.PROFESSOR.SchillingTaxCalculator2023Test" name="testMarriedSetup" time="0.003"/>
  <testcase classname="edu.msoe.swe2721.taxRateCalculator.PROFESSOR.SchillingTaxCalculator2023Test" name="testConstructor" time="0.026"/>
  <testcase classname="edu.msoe.swe2721.taxRateCalculator.PROFESSOR.SchillingTaxCalculator2023Test" name="testMarriedSetup" time="0.003"/>
  <testcase classname="edu.msoe.swe2721.taxRateCalculator.PROFESSOR.SchillingTaxCalculator2023Test" name="testSingleSetup" time="0.003"/>
  <testcase classname="edu.msoe.swe2721.taxRateCalculator.PROFESSOR.SchillingTaxCalculator2023Test" name="testSingleSetup" time="0.003"/>
  <testcase classname="edu.msoe.swe2721.taxRateCalculator.PROFESSOR.SchillingTaxCalculator2023Test" name="testSingleSetup" time="0.005"/>
  <testcase classname="edu.msoe.swe2721.taxRateCalculator.PROFESSOR.SchillingTaxCalculator2023Test" name="testSingleSetup" time="0.006"/>
  <testcase classname="edu.msoe.swe2721.taxRateCalculator.PROFESSOR.SchillingTaxCalculator2023Test" name="testSingleSetup" time="0.005"/>
  <testcase classname="edu.msoe.swe2721.taxRateCalculator.PROFESSOR.SchillingTaxCalculator2023Test" name="testSingleSetup" time="0.005"/>
  <testcase classname="edu.msoe.swe2721.taxRateCalculator.PROFESSOR.SchillingTaxCalculator2023Test" name="testMarriedSetup" time="0.004"/>
  <testcase classname="edu.msoe.swe2721.taxRateCalculator.PROFESSOR.SchillingTaxCalculator2023Test" name="testConstructor2" time="0.005"/>
  <testcase classname="edu.msoe.swe2721.taxRateCalculator.PROFESSOR.SchillingTaxCalculator2023Test" name="testConstructor2" time="0.003"/>
  <testcase classname="edu.msoe.swe2721.taxRateCalculator.PROFESSOR.SchillingTaxCalculator2023Test" name="testSingleSetup" time="0.001"/>
  <testcase classname="edu.msoe.swe2721.taxRateCalculator.PROFESSOR.SchillingTaxCalculator2023Test" name="testSingleSetup" time="0.002"/>
  <testcase classname="edu.msoe.swe2721.taxRateCalculator.PROFESSOR.SchillingTaxCalculator2023Test" name="testSingleSetup" time="0.005"/>
  <testcase classname="edu.msoe.swe2721.taxRateCalculator.PROFESSOR.SchillingTaxCalculator2023Test" name="testSingleSetup" time="0.003"/>
  <testcase classname="edu.msoe.swe2721.taxRateCalculator.PROFESSOR.SchillingTaxCalculator2023Test" name="testConstructor" time="0.003"/>
  <testcase classname="edu.msoe.swe2721.taxRateCalculator.PROFESSOR.SchillingTaxCalculator2023Test" name="testMarriedSetup" time="0.003"/>
  <testcase classname="edu.msoe.swe2721.taxRateCalculator.PROFESSOR.SchillingTaxCalculator2023Test" name="testSingleSetup" time="0.002"/>
  <testcase classname="edu.msoe.swe2721.taxRateCalculator.PROFESSOR.SchillingTaxCalculator2023Test" name="testSingleSetup" time="0.003"/>
  <testcase classname="edu.msoe.swe2721.taxRateCalculator.PROFESSOR.SchillingTaxCalculator2023Test" name="testMarriedSetup" time="0.003"/>
  <testcase classname="edu.msoe.swe2721.taxRateCalculator.PROFESSOR.SchillingTaxCalculator2023Test" name="testMarriedSetup" time="0.004"/>
  <testcase classname="edu.msoe.swe2721.taxRateCalculator.PROFESSOR.SchillingTaxCalculator2023Test" name="testMarriedSetup" time="0.006"/>
  <testcase classname="edu.msoe.swe2721.taxRateCalculator.PROFESSOR.SchillingTaxCalculator2023Test" name="testSingleSetup" time="0.010"/>
  <testcase classname="edu.msoe.swe2721.taxRateCalculator.PROFESSOR.SchillingTaxCalculator2023Test" name="testSingleSetup" time="0.004"/>
  <testcase classname="edu.msoe.swe2721.taxRateCalculator.PROFESSOR.SchillingTaxCalculator2023Test" name="testMarriedSetup" time="0.003"/>
  <testcase classname="edu.msoe.swe2721.taxRateCalculator.PROFESSOR.SchillingTaxCalculator2023Test" name="testSingleSetup" time="0.002"/>
  <testcase classname="edu.msoe.swe2721.taxRateCalculator.PROFESSOR.SchillingTaxCalculator2023Test" name="testSingleSetup" time="0.004"/>
  <testcase classname="edu.msoe.swe2721.taxRateCalculator.PROFESSOR.SchillingTaxCalculator2023Test" name="testSingleSetup" time="0.003"/>
  <testcase classname="edu.msoe.swe2721.taxRateCalculator.PROFESSOR.SchillingTaxCalculator2023Test" name="testSingleSetup" time="0.002"/>
  <testcase classname="edu.msoe.swe2721.taxRateCalculator.PROFESSOR.SchillingTaxCalculator2023Test" name="testSingleSetup" time="0.004"/>
  <testcase classname="edu.msoe.swe2721.taxRateCalculator.PROFESSOR.SchillingTaxCalculator2023Test" name="testSingleSetup" time="0.004"/>
  <testcase classname="edu.msoe.swe2721.taxRateCalculator.PROFESSOR.SchillingTaxCalculator2023Test" name="testMarriedSetup" time="0.004"/>
  <testcase classname="edu.msoe.swe2721.taxRateCalculator.PROFESSOR.SchillingTaxCalculator2023Test" name="testMarriedSetup" time="0.003"/>
  <testcase classname="edu.msoe.swe2721.taxRateCalculator.PROFESSOR.SchillingTaxCalculator2023Test" name="testMarriedSetup" time="0.004"/>
  <testcase classname="edu.msoe.swe2721.taxRateCalculator.PROFESSOR.SchillingTaxCalculator2023Test" name="testSingleSetup" time="0.003"/>
  <testcase classname="edu.msoe.swe2721.taxRateCalculator.PROFESSOR.SchillingTaxCalculator2023Test" name="testMarriedSetup" time="0.004"/>
  <testcase classname="edu.msoe.swe2721.taxRateCalculator.PROFESSOR.SchillingTaxCalculator2023Test" name="testMarriedSetup" time="0.003"/>
  <testcase classname="edu.msoe.swe2721.taxRateCalculator.PROFESSOR.SchillingTaxCalculator2023Test" name="testMarriedSetup" time="0.005"/>
  <testcase classname="edu.msoe.swe2721.taxRateCalculator.PROFESSOR.SchillingTaxCalculator2023Test" name="testConstructor2" time="0.017"/>
  <testcase classname="edu.msoe.swe2721.taxRateCalculator.PROFESSOR.SchillingTaxCalculator2023Test" name="testSingleSetup" time="0.003"/>
  <testcase classname="edu.msoe.swe2721.taxRateCalculator.PROFESSOR.SchillingTaxCalculator2023Test" name="testSingleSetup" time="0.003"/>
  <testcase classname="edu.msoe.swe2721.taxRateCalculator.PROFESSOR.SchillingTaxCalculator2023Test" name="testSingleSetup" time="0.003"/>
  <testcase classname="edu.msoe.swe2721.taxRateCalculator.PROFESSOR.SchillingTaxCalculator2023Test" name="testMarriedSetup" time="0.005"/>
  <testcase classname="edu.msoe.swe2721.taxRateCalculator.PROFESSOR.SchillingTaxCalculator2023Test" name="testMarriedSetup" time="0.005"/>
  <testcase classname="edu.msoe.swe2721.taxRateCalculator.PROFESSOR.SchillingTaxCalculator2023Test" name="testSingleSetup" time="0.003"/>
  <testcase classname="edu.msoe.swe2721.taxRateCalculator.PROFESSOR.SchillingTaxCalculator2023Test" name="testSingleSetup" time="0.003"/>
  <testcase classname="edu.msoe.swe2721.taxRateCalculator.PROFESSOR.SchillingTaxCalculator2023Test" name="testSingleSetup" time="0.003"/>
  <testcase classname="edu.msoe.swe2721.taxRateCalculator.PROFESSOR.SchillingTaxCalculator2023Test" name="testConstructor2" time="0.003"/>
  <testcase classname="edu.msoe.swe2721.taxRateCalculator.PROFESSOR.SchillingTaxCalculator2023Test" name="testSingleSetup" time="0.004"/>
  <testcase classname="edu.msoe.swe2721.taxRateCalculator.PROFESSOR.SchillingTaxCalculator2023Test" name="testMarriedSetup" time="0.004"/>
  <testcase classname="edu.msoe.swe2721.taxRateCalculator.PROFESSOR.SchillingTaxCalculator2023Test" name="testSingleSetup" time="0.011"/>
  <testcase classname="edu.msoe.swe2721.taxRateCalculator.PROFESSOR.SchillingTaxCalculator2023Test" name="testMarriedSetup" time="0.003"/>
  <testcase classname="edu.msoe.swe2721.taxRateCalculator.PROFESSOR.SchillingTaxCalculator2023Test" name="testSingleSetup" time="0.002"/>
  <testcase classname="edu.msoe.swe2721.taxRateCalculator.PROFESSOR.SchillingTaxCalculator2023Test" name="testMarriedSetup" time="0.002"/>
  <testcase classname="edu.msoe.swe2721.taxRateCalculator.PROFESSOR.SchillingTaxCalculator2023Test" name="testSingleSetup" time="0.002"/>
  <testcase classname="edu.msoe.swe2721.taxRateCalculator.PROFESSOR.SchillingTaxCalculator2023Test" name="testMarriedSetup" time="0.002"/>
  <testcase classname="edu.msoe.swe2721.taxRateCalculator.PROFESSOR.SchillingTaxCalculator2023Test" name="testMarriedSetup" time="0.003"/>
  <testcase classname="edu.msoe.swe2721.taxRateCalculator.PROFESSOR.SchillingTaxCalculator2023Test" name="testSingleSetup" time="0.003"/>
  <testcase classname="edu.msoe.swe2721.taxRateCalculator.PROFESSOR.SchillingTaxCalculator2023Test" name="testMarriedSetup" time="0.003"/>
  <testcase classname="edu.msoe.swe2721.taxRateCalculator.PROFESSOR.SchillingTaxCalculator2023Test" name="testMarriedSetup" time="0.005"/>
  <testcase classname="edu.msoe.swe2721.taxRateCalculator.PROFESSOR.SchillingTaxCalculator2023Test" name="testSingleSetup" time="0.003"/>
  <testcase classname="edu.msoe.swe2721.taxRateCalculator.PROFESSOR.SchillingTaxCalculator2023Test" name="testSingleSetup" time="0.003"/>
  <testcase classname="edu.msoe.swe2721.taxRateCalculator.PROFESSOR.SchillingTaxCalculator2023Test" name="testSingleSetup" time="0.003"/>
  <testcase classname="edu.msoe.swe2721.taxRateCalculator.PROFESSOR.SchillingTaxCalculator2023Test" name="testMarriedSetup" time="0.005"/>
  <testcase classname="edu.msoe.swe2721.taxRateCalculator.PROFESSOR.SchillingTaxCalculator2023Test" name="testConstructor2" time="0.003"/>
  <testcase classname="edu.msoe.swe2721.taxRateCalculator.PROFESSOR.SchillingTaxCalculator2023Test" name="testMarriedSetup" time="0.004"/>
  <testcase classname="edu.msoe.swe2721.taxRateCalculator.PROFESSOR.SchillingTaxCalculator2023Test" name="testSingleSetup" time="0.004"/>
  <testcase classname="edu.msoe.swe2721.taxRateCalculator.PROFESSOR.SchillingTaxCalculator2023Test" name="testMarriedSetup" time="0.005"/>
  <testcase classname="edu.msoe.swe2721.taxRateCalculator.PROFESSOR.SchillingTaxCalculator2023Test" name="testConstructor2" time="0.003"/>
  <testcase classname="edu.msoe.swe2721.taxRateCalculator.PROFESSOR.SchillingTaxCalculator2023Test" name="testMarriedSetup" time="0.003"/>
  <testcase classname="edu.msoe.swe2721.taxRateCalculator.PROFESSOR.SchillingTaxCalculator2023Test" name="testMarriedSetup" time="0.003"/>
  <testcase classname="edu.msoe.swe2721.taxRateCalculator.PROFESSOR.SchillingTaxCalculator2023Test" name="testMarriedSetup" time="0.004"/>
  <testcase classname="edu.msoe.swe2721.taxRateCalculator.PROFESSOR.SchillingTaxCalculator2023Test" name="testConstructor" time="0.003"/>
  <testcase classname="edu.msoe.swe2721.taxRateCalculator.PROFESSOR.SchillingTaxCalculator2023Test" name="testMarriedSetup" time="0.005"/>
  <testcase classname="edu.msoe.swe2721.taxRateCalculator.PROFESSOR.SchillingTaxCalculator2023Test" name="testSingleSetup" time="0.003"/>
  <testcase classname="edu.msoe.swe2721.taxRateCalculator.PROFESSOR.SchillingTaxCalculator2023Test" name="testMarriedSetup" time="0.004"/>
  <testcase classname="edu.msoe.swe2721.taxRateCalculator.PROFESSOR.SchillingTaxCalculator2023Test" name="testSingleSetup" time="0.026"/>
  <testcase classname="edu.msoe.swe2721.taxRateCalculator.PROFESSOR.SchillingTaxCalculator2023Test" name="testSingleSetup" time="0.004"/>
  <testcase classname="edu.msoe.swe2721.taxRateCalculator.PROFESSOR.SchillingTaxCalculator2023Test" name="testSingleSetup" time="0.003"/>
  <testcase classname="edu.msoe.swe2721.taxRateCalculator.PROFESSOR.SchillingTaxCalculator2023Test" name="testMarriedSetup" time="0.004"/>
  <testcase classname="edu.msoe.swe2721.taxRateCalculator.PROFESSOR.SchillingTaxCalculator2023Test" name="testMarriedSetup" time="0.005"/>
  <testcase classname="edu.msoe.swe2721.taxRateCalculator.PROFESSOR.SchillingTaxCalculator2023Test" name="testMarriedSetup" time="0.004"/>
  <testcase classname="edu.msoe.swe2721.taxRateCalculator.PROFESSOR.SchillingTaxCalculator2023Test" name="testSingleSetup" time="0.002"/>
  <testcase classname="edu.msoe.swe2721.taxRateCalculator.PROFESSOR.SchillingTaxCalculator2023Test" name="testMarriedSetup" time="0.004"/>
  <testcase classname="edu.msoe.swe2721.taxRateCalculator.PROFESSOR.SchillingTaxCalculator2023Test" name="testMarriedSetup" time="0.005"/>
  <testcase classname="edu.msoe.swe2721.taxRateCalculator.PROFESSOR.SchillingTaxCalculator2023Test" name="testMarriedSetup" time="0.004"/>
  <testcase classname="edu.msoe.swe2721.taxRateCalculator.PROFESSOR.SchillingTaxCalculator2023Test" name="testConstructor" time="0.003"/>
  <testcase classname="edu.msoe.swe2721.taxRateCalculator.PROFESSOR.SchillingTaxCalculator2023Test" name="testMarriedSetup" time="0.006"/>
  <testcase classname="edu.msoe.swe2721.taxRateCalculator.PROFESSOR.SchillingTaxCalculator2023Test" name="testMarriedSetup" time="0.004"/>
  <testcase classname="edu.msoe.swe2721.taxRateCalculator.PROFESSOR.SchillingTaxCalculator2023Test" name="testSingleSetup" time="0.006"/>
  <testcase classname="edu.msoe.swe2721.taxRateCalculator.PROFESSOR.SchillingTaxCalculator2023Test" name="testConstructor2" time="0.003"/>
  <testcase classname="edu.msoe.swe2721.taxRateCalculator.PROFESSOR.SchillingTaxCalculator2023Test" name="testSingleSetup" time="0.003"/>
  <testcase classname="edu.msoe.swe2721.taxRateCalculator.PROFESSOR.SchillingTaxCalculator2023Test" name="testSingleSetup" time="0.004"/>
  <testcase classname="edu.msoe.swe2721.taxRateCalculator.PROFESSOR.SchillingTaxCalculator2023Test" name="testSingleSetup" time="0.004"/>
  <testcase classname="edu.msoe.swe2721.taxRateCalculator.PROFESSOR.SchillingTaxCalculator2023Test" name="testMarriedSetup" time="0.004"/>
  <testcase classname="edu.msoe.swe2721.taxRateCalculator.PROFESSOR.SchillingTaxCalculator2023Test" name="testConstructor" time="0.002"/>
  <testcase classname="edu.msoe.swe2721.taxRateCalculator.PROFESSOR.SchillingTaxCalculator2023Test" name="testMarriedSetup" time="0.004"/>
  <testcase classname="edu.msoe.swe2721.taxRateCalculator.PROFESSOR.SchillingTaxCalculator2023Test" name="testSingleSetup" time="0.006"/>
  <testcase classname="edu.msoe.swe2721.taxRateCalculator.PROFESSOR.SchillingTaxCalculator2023Test" name="testSingleSetup" time="0.002"/>
  <testcase classname="edu.msoe.swe2721.taxRateCalculator.PROFESSOR.SchillingTaxCalculator2023Test" name="testMarriedSetup" time="0.005"/>
  <testcase classname="edu.msoe.swe2721.taxRateCalculator.PROFESSOR.SchillingTaxCalculator2023Test" name="testSingleSetup" time="0.003"/>
  <testcase classname="edu.msoe.swe2721.taxRateCalculator.PROFESSOR.SchillingTaxCalculator2023Test" name="testSingleSetup" time="0.004"/>
  <testcase classname="edu.msoe.swe2721.taxRateCalculator.PROFESSOR.SchillingTaxCalculator2023Test" name="testConstructor2" time="0.004"/>
  <testcase classname="edu.msoe.swe2721.taxRateCalculator.PROFESSOR.SchillingTaxCalculator2023Test" name="testConstructor2" time="0.003"/>
  <testcase classname="edu.msoe.swe2721.taxRateCalculator.PROFESSOR.SchillingTaxCalculator2023Test" name="testMarriedSetup" time="0.005"/>
  <testcase classname="edu.msoe.swe2721.taxRateCalculator.PROFESSOR.SchillingTaxCalculator2023Test" name="testSingleSetup" time="0.002"/>
  <testcase classname="edu.msoe.swe2721.taxRateCalculator.PROFESSOR.SchillingTaxCalculator2023Test" name="testSingleSetup" time="0.003"/>
  <testcase classname="edu.msoe.swe2721.taxRateCalculator.PROFESSOR.SchillingTaxCalculator2023Test" name="testSingleSetup" time="0.005"/>
  <testcase classname="edu.msoe.swe2721.taxRateCalculator.PROFESSOR.SchillingTaxCalculator2023Test" name="testSingleSetup" time="0.003"/>
  <testcase classname="edu.msoe.swe2721.taxRateCalculator.PROFESSOR.SchillingTaxCalculator2023Test" name="testSingleSetup" time="0.002"/>
  <testcase classname="edu.msoe.swe2721.taxRateCalculator.PROFESSOR.SchillingTaxCalculator2023Test" name="testSingleSetup" time="0.003"/>
  <testcase classname="edu.msoe.swe2721.taxRateCalculator.PROFESSOR.SchillingTaxCalculator2023Test" name="testSingleSetup" time="0.004"/>
  <testcase classname="edu.msoe.swe2721.taxRateCalculator.PROFESSOR.SchillingTaxCalculator2023Test" name="testMarriedSetup" time="0.004"/>
  <testcase classname="edu.msoe.swe2721.taxRateCalculator.PROFESSOR.SchillingTaxCalculator2023Test" name="testMarriedSetup" time="0.003"/>
  <testcase classname="edu.msoe.swe2721.taxRateCalculator.PROFESSOR.SchillingTaxCalculator2023Test" name="testMarriedSetup" time="0.013"/>
  <testcase classname="edu.msoe.swe2721.taxRateCalculator.PROFESSOR.SchillingTaxCalculator2023Test" name="testSingleSetup" time="0.003"/>
  <testcase classname="edu.msoe.swe2721.taxRateCalculator.PROFESSOR.SchillingTaxCalculator2023Test" name="testSingleSetup" time="0.003"/>
  <testcase classname="edu.msoe.swe2721.taxRateCalculator.PROFESSOR.SchillingTaxCalculator2023Test" name="testConstructor2" time="0.010"/>
  <testcase classname="edu.msoe.swe2721.taxRateCalculator.PROFESSOR.SchillingTaxCalculator2023Test" name="testConstructor" time="0.002"/>
  <testcase classname="edu.msoe.swe2721.taxRateCalculator.PROFESSOR.SchillingTaxCalculator2023Test" name="testSingleSetup" time="0.004"/>
  <testcase classname="edu.msoe.swe2721.taxRateCalculator.PROFESSOR.SchillingTaxCalculator2023Test" name="testMarriedSetup" time="0.003"/>
  <testcase classname="edu.msoe.swe2721.taxRateCalculator.PROFESSOR.SchillingTaxCalculator2023Test" name="testMarriedSetup" time="0.006"/>
  <testcase classname="edu.msoe.swe2721.taxRateCalculator.PROFESSOR.SchillingTaxCalculator2023Test" name="testMarriedSetup" time="0.005"/>
  <testcase classname="edu.msoe.swe2721.taxRateCalculator.PROFESSOR.SchillingTaxCalculator2023Test" name="testMarriedSetup" time="0.003"/>
  <testcase classname="edu.msoe.swe2721.taxRateCalculator.PROFESSOR.SchillingTaxCalculator2023Test" name="testMarriedSetup" time="0.002"/>
  <testcase classname="edu.msoe.swe2721.taxRateCalculator.PROFESSOR.SchillingTaxCalculator2023Test" name="testConstructor2" time="0.005"/>
  <testcase classname="edu.msoe.swe2721.taxRateCalculator.PROFESSOR.SchillingTaxCalculator2023Test" name="testMarriedSetup" time="0.003"/>
  <testcase classname="edu.msoe.swe2721.taxRateCalculator.PROFESSOR.SchillingTaxCalculator2023Test" name="testConstructor2" time="0.003"/>
  <testcase classname="edu.msoe.swe2721.taxRateCalculator.PROFESSOR.SchillingTaxCalculator2023Test" name="testSingleSetup" time="0.003"/>
  <testcase classname="edu.msoe.swe2721.taxRateCalculator.PROFESSOR.SchillingTaxCalculator2023Test" name="testSingleSetup" time="0.004"/>
  <testcase classname="edu.msoe.swe2721.taxRateCalculator.PROFESSOR.SchillingTaxCalculator2023Test" name="testMarriedSetup" time="0.003"/>
  <testcase classname="edu.msoe.swe2721.taxRateCalculator.PROFESSOR.SchillingTaxCalculator2023Test" name="testSingleSetup" time="0.002"/>
  <testcase classname="edu.msoe.swe2721.taxRateCalculator.PROFESSOR.SchillingTaxCalculator2023Test" name="testSingleSetup" time="0.003"/>
  <testcase classname="edu.msoe.swe2721.taxRateCalculator.PROFESSOR.SchillingTaxCalculator2023Test" name="testMarriedSetup" time="0.003"/>
  <testcase classname="edu.msoe.swe2721.taxRateCalculator.PROFESSOR.SchillingTaxCalculator2023Test" name="testMarriedSetup" time="0.002"/>
  <testcase classname="edu.msoe.swe2721.taxRateCalculator.PROFESSOR.SchillingTaxCalculator2023Test" name="testMarriedSetup" time="0.004"/>
  <testcase classname="edu.msoe.swe2721.taxRateCalculator.PROFESSOR.SchillingTaxCalculator2023Test" name="testSingleSetup" time="0.003"/>
  <testcase classname="edu.msoe.swe2721.taxRateCalculator.PROFESSOR.SchillingTaxCalculator2023Test" name="testSingleSetup" time="0.003"/>
  <testcase classname="edu.msoe.swe2721.taxRateCalculator.PROFESSOR.SchillingTaxCalculator2023Test" name="testSingleSetup" time="0.004"/>
  <testcase classname="edu.msoe.swe2721.taxRateCalculator.PROFESSOR.SchillingTaxCalculator2023Test" name="testMarriedSetup" time="0.003"/>
  <testcase classname="edu.msoe.swe2721.taxRateCalculator.PROFESSOR.SchillingTaxCalculator2023Test" name="testMarriedSetup" time="0.002"/>
  <testcase classname="edu.msoe.swe2721.taxRateCalculator.PROFESSOR.SchillingTaxCalculator2023Test" name="testSingleSetup" time="0.002"/>
  <testcase classname="edu.msoe.swe2721.taxRateCalculator.PROFESSOR.SchillingTaxCalculator2023Test" name="testMarriedSetup" time="0.002"/>
</testsuite> <!-- edu.msoe.swe2721.taxRateCalculator.PROFESSOR.SchillingTaxCalculator2023Test -->
