<?xml version="1.0" encoding="UTF-8"?>
<!-- Generated by org.testng.reporters.JUnitReportReporter -->
<testsuite hostname="AAD-PF4EEF8X" failures="0" tests="10" name="edu.msoe.swe2721.taxRateCalculator.TaxCalculatorTest" time="0.164" errors="0" timestamp="2025-03-11T17:06:53 CDT" skipped="0">
  <testcase classname="edu.msoe.swe2721.taxRateCalculator.TaxCalculatorTest" name="testMarriedJointlySetup" time="0.039"/>
  <testcase classname="edu.msoe.swe2721.taxRateCalculator.TaxCalculatorTest" name="testSingleSetup" time="0.001"/>
  <testcase classname="edu.msoe.swe2721.taxRateCalculator.TaxCalculatorTest" name="testStandardDeductionMarriedFilingJointly" time="0.040"/>
  <testcase classname="edu.msoe.swe2721.taxRateCalculator.TaxCalculatorTest" name="testSingleSetup" time="0.015"/>
  <testcase classname="edu.msoe.swe2721.taxRateCalculator.TaxCalculatorTest" name="testConstructorInvalidFilingStatus" time="0.005"/>
  <testcase classname="edu.msoe.swe2721.taxRateCalculator.TaxCalculatorTest" name="testConstructorInvalidAge" time="0.035"/>
  <testcase classname="edu.msoe.swe2721.taxRateCalculator.TaxCalculatorTest" name="testMarriedFilingStatusRequiresSpouse" time="0.005"/>
  <testcase classname="edu.msoe.swe2721.taxRateCalculator.TaxCalculatorTest" name="testInvalidAge" time="0.006"/>
  <testcase classname="edu.msoe.swe2721.taxRateCalculator.TaxCalculatorTest" name="testConstructorInvalidName" time="0.004"/>
  <testcase classname="edu.msoe.swe2721.taxRateCalculator.TaxCalculatorTest" name="testNameValidation" time="0.014"/>
</testsuite> <!-- edu.msoe.swe2721.taxRateCalculator.TaxCalculatorTest -->
